The system is: Windows - 10.0.18362 - AMD64
Compiling the C compiler identification source file "CMakeCCompilerId.c" succeeded.
Compiler: C:/Program Files (x86)/Microsoft Visual Studio/2019/Community/VC/Tools/MSVC/14.22.27905/bin/Hostx86/x86/cl.exe 
Build flags: 
Id flags:  

The output was:
0
Microsoft (R) C/C++ Optimizing Compiler Version 19.22.27905 for x86
Copyright (C) Microsoft Corporation.  All rights reserved.

CMakeCCompilerId.c
Microsoft (R) Incremental Linker Version 14.22.27905.0
Copyright (C) Microsoft Corporation.  All rights reserved.

/out:CMakeCCompilerId.exe 
CMakeCCompilerId.obj 


Compilation of the C compiler identification source "CMakeCCompilerId.c" produced "CMakeCCompilerId.exe"

Compilation of the C compiler identification source "CMakeCCompilerId.c" produced "CMakeCCompilerId.obj"

The C compiler identification is MSVC, found in "E:/ClionProjects/railway_management_system/cmake-build-debug/CMakeFiles/3.14.5/CompilerIdC/CMakeCCompilerId.exe"

Determining if the C compiler works passed with the following output:
Change Dir: E:/ClionProjects/railway_management_system/cmake-build-debug/CMakeFiles/CMakeTmp

Run Build Command(s):nmake /nologo cmTC_9d038\fast 
	"C:\Program Files (x86)\Microsoft Visual Studio\2019\Community\VC\Tools\MSVC\14.22.27905\bin\HostX86\x86\nmake.exe" -f CMakeFiles\cmTC_9d038.dir\build.make /nologo -L                  CMakeFiles\cmTC_9d038.dir\build
Building C object CMakeFiles/cmTC_9d038.dir/testCCompiler.c.obj
	C:\PROGRA~2\MICROS~2\2019\COMMUN~1\VC\Tools\MSVC\1422~1.279\bin\Hostx86\x86\cl.exe @C:\Users\vatsr\AppData\Local\Temp\nmE4E6.tmp
testCCompiler.c
Linking C executable cmTC_9d038.exe
	"C:\Program Files\JetBrains\CLion 2019.2\bin\cmake\win\bin\cmake.exe" -E vs_link_exe --intdir=CMakeFiles\cmTC_9d038.dir --rc=C:\PROGRA~2\WI3CF2~1\10\bin\100183~1.0\x86\rc.exe --mt=C:\PROGRA~2\WI3CF2~1\10\bin\100183~1.0\x86\mt.exe --manifests  -- C:\PROGRA~2\MICROS~2\2019\COMMUN~1\VC\Tools\MSVC\1422~1.279\bin\Hostx86\x86\link.exe /nologo @CMakeFiles\cmTC_9d038.dir\objects1.rsp @C:\Users\vatsr\AppData\Local\Temp\nmE65E.tmp


Detecting C compiler ABI info compiled with the following output:
Change Dir: E:/ClionProjects/railway_management_system/cmake-build-debug/CMakeFiles/CMakeTmp

Run Build Command(s):nmake /nologo cmTC_eafee\fast 
	"C:\Program Files (x86)\Microsoft Visual Studio\2019\Community\VC\Tools\MSVC\14.22.27905\bin\HostX86\x86\nmake.exe" -f CMakeFiles\cmTC_eafee.dir\build.make /nologo -L                  CMakeFiles\cmTC_eafee.dir\build
Building C object CMakeFiles/cmTC_eafee.dir/CMakeCCompilerABI.c.obj
	C:\PROGRA~2\MICROS~2\2019\COMMUN~1\VC\Tools\MSVC\1422~1.279\bin\Hostx86\x86\cl.exe @C:\Users\vatsr\AppData\Local\Temp\nmEB3F.tmp
CMakeCCompilerABI.c
Linking C executable cmTC_eafee.exe
	"C:\Program Files\JetBrains\CLion 2019.2\bin\cmake\win\bin\cmake.exe" -E vs_link_exe --intdir=CMakeFiles\cmTC_eafee.dir --rc=C:\PROGRA~2\WI3CF2~1\10\bin\100183~1.0\x86\rc.exe --mt=C:\PROGRA~2\WI3CF2~1\10\bin\100183~1.0\x86\mt.exe --manifests  -- C:\PROGRA~2\MICROS~2\2019\COMMUN~1\VC\Tools\MSVC\1422~1.279\bin\Hostx86\x86\link.exe /nologo @CMakeFiles\cmTC_eafee.dir\objects1.rsp @C:\Users\vatsr\AppData\Local\Temp\nmEBEB.tmp




Detecting C [] compiler features compiled with the following output:
Change Dir: E:/ClionProjects/railway_management_system/cmake-build-debug/CMakeFiles/CMakeTmp

Run Build Command(s):nmake /nologo cmTC_e0e6b\fast 
	"C:\Program Files (x86)\Microsoft Visual Studio\2019\Community\VC\Tools\MSVC\14.22.27905\bin\HostX86\x86\nmake.exe" -f CMakeFiles\cmTC_e0e6b.dir\build.make /nologo -L                  CMakeFiles\cmTC_e0e6b.dir\build
Building C object CMakeFiles/cmTC_e0e6b.dir/feature_tests.c.obj
	C:\PROGRA~2\MICROS~2\2019\COMMUN~1\VC\Tools\MSVC\1422~1.279\bin\Hostx86\x86\cl.exe @C:\Users\vatsr\AppData\Local\Temp\nmEFD2.tmp
feature_tests.c
Linking C executable cmTC_e0e6b.exe
	"C:\Program Files\JetBrains\CLion 2019.2\bin\cmake\win\bin\cmake.exe" -E vs_link_exe --intdir=CMakeFiles\cmTC_e0e6b.dir --rc=C:\PROGRA~2\WI3CF2~1\10\bin\100183~1.0\x86\rc.exe --mt=C:\PROGRA~2\WI3CF2~1\10\bin\100183~1.0\x86\mt.exe --manifests  -- C:\PROGRA~2\MICROS~2\2019\COMMUN~1\VC\Tools\MSVC\1422~1.279\bin\Hostx86\x86\link.exe /nologo @CMakeFiles\cmTC_e0e6b.dir\objects1.rsp @C:\Users\vatsr\AppData\Local\Temp\nmF07F.tmp


    Feature record: C_FEATURE:1c_function_prototypes
    Feature record: C_FEATURE:1c_variadic_macros
